<?xml version="1.0" encoding="UTF-8"?>
<!-- Generated by org.testng.reporters.JUnitReportReporter -->
<testsuite hostname="VSCT150" name="com.Reltio.TestScripts.LoginWithValidCredentials" tests="1" failures="0" timestamp="10 Jan 2018 07:30:05 GMT" time="9.164" errors="0">
  <testcase name="LoginValid" time="9.164" classname="com.Reltio.TestScripts.LoginWithValidCredentials"/>
</testsuite> <!-- com.Reltio.TestScripts.LoginWithValidCredentials -->
