<?xml version="1.0" encoding="UTF-8"?>
<!-- Generated by org.testng.reporters.JUnitReportReporter -->
<testsuite hostname="VSCT150" name="com.Reltio.TestScripts.Search_Execution" tests="1" failures="0" timestamp="8 Jan 2018 15:40:40 GMT" time="0.061" errors="0">
  <testcase name="Exec_Search" time="0.061" classname="com.Reltio.TestScripts.Search_Execution"/>
</testsuite> <!-- com.Reltio.TestScripts.Search_Execution -->
