<?xml version="1.0" encoding="UTF-8"?>
<!-- Generated by org.testng.reporters.JUnitReportReporter -->
<testsuite hostname="VSC149" name="testScripts.Login_Execution" tests="1" failures="0" timestamp="3 Jan 2018 05:19:49 GMT" time="13.408" errors="0">
  <testcase name="Login" time="13.408" classname="testScripts.Login_Execution"/>
</testsuite> <!-- testScripts.Login_Execution -->
