<?xml version="1.0" encoding="UTF-8"?>
<!-- Generated by org.testng.reporters.JUnitReportReporter -->
<testsuite hostname="VSCT150" name="com.Reltio.TestScripts.Advanced_Search_with_ZeroResult" tests="1" failures="0" timestamp="10 Jan 2018 07:30:05 GMT" time="10.834" errors="0">
  <testcase name="Exec_Inv_Search" time="10.834" classname="com.Reltio.TestScripts.Advanced_Search_with_ZeroResult"/>
</testsuite> <!-- com.Reltio.TestScripts.Advanced_Search_with_ZeroResult -->
