<?xml version="1.0" encoding="UTF-8"?>
<!-- Generated by org.testng.reporters.JUnitReportReporter -->
<testsuite hostname="VSCT150" name="com.Reltio.TestScripts.LoginWithInvalidCredentials" tests="1" failures="0" timestamp="10 Jan 2018 07:30:05 GMT" time="17.800" errors="0">
  <testcase name="Login" time="17.800" classname="com.Reltio.TestScripts.LoginWithInvalidCredentials"/>
</testsuite> <!-- com.Reltio.TestScripts.LoginWithInvalidCredentials -->
