<?xml version="1.0" encoding="UTF-8"?>
<!-- Generated by org.testng.reporters.JUnitReportReporter -->
<testsuite hostname="DESKTOP-V1T4GQ5" name="com.Reltio.TestScripts.TestSearch" tests="3" failures="0" timestamp="11 Jan 2018 15:22:19 GMT" time="139.601" errors="0">
  <testcase name="launchSearch" time="27.539" classname="com.Reltio.TestScripts.TestSearch"/>
  <testcase name="launchSearch" time="77.752" classname="com.Reltio.TestScripts.TestSearch"/>
  <testcase name="launchSearch" time="34.310" classname="com.Reltio.TestScripts.TestSearch"/>
</testsuite> <!-- com.Reltio.TestScripts.TestSearch -->
