<?xml version="1.0" encoding="UTF-8"?>
<!-- Generated by org.testng.reporters.JUnitReportReporter -->
<testsuite hostname="VSCQA210" failures="0" tests="1" name="com.Reltio.TestScripts.Advanced_Search_with_Valid_Data" time="5.055" errors="0" timestamp="10 Jan 2018 08:06:52 GMT">
  <testcase classname="com.Reltio.TestScripts.Advanced_Search_with_Valid_Data" name="Advanced_Search_with_Results" time="5.055"/>
</testsuite> <!-- com.Reltio.TestScripts.Advanced_Search_with_Valid_Data -->
