<?xml version="1.0" encoding="UTF-8"?>
<!-- Generated by org.testng.reporters.JUnitReportReporter -->
<testsuite hostname="DESKTOP-V1T4GQ5" name="com.Reltio.TestScripts.LoginWithInvalidCredentials" tests="1" failures="0" timestamp="11 Jan 2018 15:22:19 GMT" time="9.975" errors="0">
  <testcase name="Login_With_Invalid_Credentials" time="9.975" classname="com.Reltio.TestScripts.LoginWithInvalidCredentials"/>
</testsuite> <!-- com.Reltio.TestScripts.LoginWithInvalidCredentials -->
