<?xml version="1.0" encoding="UTF-8"?>
<!-- Generated by org.testng.reporters.JUnitReportReporter -->
<testsuite hostname="DESKTOP-V1T4GQ5" name="com.Reltio.TestScripts.LoginWithValidCredentials" tests="1" failures="0" timestamp="11 Jan 2018 15:22:19 GMT" time="10.638" errors="0">
  <testcase name="Login_With_Valid_Credentials" time="10.638" classname="com.Reltio.TestScripts.LoginWithValidCredentials"/>
</testsuite> <!-- com.Reltio.TestScripts.LoginWithValidCredentials -->
